{
  "stats": {
    "suites": 1,
    "tests": 5,
    "passes": 5,
    "pending": 0,
    "failures": 0,
    "start": "2024-08-14T11:56:39.590Z",
    "end": "2024-08-14T11:56:49.013Z",
    "duration": 9423,
    "testsRegistered": 5,
    "passPercent": 100,
    "pendingPercent": 0,
    "other": 0,
    "hasOther": false,
    "skipped": 0,
    "hasSkipped": false
  },
  "results": [
    {
      "uuid": "42db68bb-69ee-46b7-86c0-1c21d3e5222f",
      "title": "",
      "fullFile": "cypress/e2e/tests/loginPage.cy.js",
      "file": "cypress/e2e/tests/loginPage.cy.js",
      "beforeHooks": [],
      "afterHooks": [],
      "tests": [],
      "suites": [
        {
          "uuid": "0257c7bc-a808-40ed-9b2c-48b5c28787f9",
          "title": "Tests related to Login Page",
          "fullFile": "",
          "file": "",
          "beforeHooks": [],
          "afterHooks": [],
          "tests": [
            {
              "title": "Login with incorrect user credentials",
              "fullTitle": "Tests related to Login Page Login with incorrect user credentials",
              "timedOut": null,
              "duration": 821,
              "state": "passed",
              "speed": "fast",
              "pass": true,
              "fail": false,
              "pending": false,
              "context": null,
              "code": "cy.fixture(\"testData.json\").then(details => {\n  _loginPageActionsCy.default.loginWithUserCredentials(details.standard_user, details.incorrect_password);\n});\ncy.get(loginSelectors.loginError).should('have.text', \"Epic sadface: Username and password do not match any user in this service\");",
              "err": {},
              "uuid": "3293d6e0-e070-4acc-9b2e-d420416e716d",
              "parentUUID": "0257c7bc-a808-40ed-9b2c-48b5c28787f9",
              "isHook": false,
              "skipped": false
            },
            {
              "title": "Error message when login with locked_out_user",
              "fullTitle": "Tests related to Login Page Error message when login with locked_out_user",
              "timedOut": null,
              "duration": 704,
              "state": "passed",
              "speed": "fast",
              "pass": true,
              "fail": false,
              "pending": false,
              "context": null,
              "code": "cy.fixture(\"testData.json\").then(details => {\n  _loginPageActionsCy.default.loginWithUserCredentials(details.locked_out_user, details.password);\n});\ncy.get(loginSelectors.loginError).should('have.text', \"Epic sadface: Sorry, this user has been locked out.\");",
              "err": {},
              "uuid": "7e150bbf-e1b5-448b-a8d0-d5002f396f7a",
              "parentUUID": "0257c7bc-a808-40ed-9b2c-48b5c28787f9",
              "isHook": false,
              "skipped": false
            },
            {
              "title": "Login as standard_user",
              "fullTitle": "Tests related to Login Page Login as standard_user",
              "timedOut": null,
              "duration": 1205,
              "state": "passed",
              "speed": "fast",
              "pass": true,
              "fail": false,
              "pending": false,
              "context": null,
              "code": "cy.fixture(\"testData.json\").then(details => {\n  _loginPageActionsCy.default.loginWithUserCredentials(details.standard_user, details.password);\n});\ncy.contains('Products').should('be.visible');\ncy.get(loginSelectors.menu).click();\ncy.contains('Logout');",
              "err": {},
              "uuid": "6181a191-aec0-4542-9bc5-b9f910aeab0a",
              "parentUUID": "0257c7bc-a808-40ed-9b2c-48b5c28787f9",
              "isHook": false,
              "skipped": false
            },
            {
              "title": "Login as problem_user",
              "fullTitle": "Tests related to Login Page Login as problem_user",
              "timedOut": null,
              "duration": 739,
              "state": "passed",
              "speed": "fast",
              "pass": true,
              "fail": false,
              "pending": false,
              "context": null,
              "code": "cy.fixture(\"testData.json\").then(details => {\n  _loginPageActionsCy.default.loginWithUserCredentials(details.problem_user, details.password);\n});\ncy.get(loginSelectors.menu).click();\ncy.contains('Logout');",
              "err": {},
              "uuid": "9a8bd7cf-31ab-4e4e-b793-fe9508366b58",
              "parentUUID": "0257c7bc-a808-40ed-9b2c-48b5c28787f9",
              "isHook": false,
              "skipped": false
            },
            {
              "title": "Login as performance_glitch_user, by giving extra waiting time",
              "fullTitle": "Tests related to Login Page Login as performance_glitch_user, by giving extra waiting time",
              "timedOut": null,
              "duration": 5862,
              "state": "passed",
              "speed": "medium",
              "pass": true,
              "fail": false,
              "pending": false,
              "context": null,
              "code": "cy.fixture(\"testData.json\").then(details => {\n  _loginPageActionsCy.default.loginWithUserCredentials(details.performance_glitch_user, details.password);\n});\ncy.get(loginSelectors.menu, {\n  timeout: 60000\n}).should('be.visible').click();\ncy.contains('Logout');",
              "err": {},
              "uuid": "0a085133-65a7-496c-aadf-7ba101915a26",
              "parentUUID": "0257c7bc-a808-40ed-9b2c-48b5c28787f9",
              "isHook": false,
              "skipped": false
            }
          ],
          "suites": [],
          "passes": [
            "3293d6e0-e070-4acc-9b2e-d420416e716d",
            "7e150bbf-e1b5-448b-a8d0-d5002f396f7a",
            "6181a191-aec0-4542-9bc5-b9f910aeab0a",
            "9a8bd7cf-31ab-4e4e-b793-fe9508366b58",
            "0a085133-65a7-496c-aadf-7ba101915a26"
          ],
          "failures": [],
          "pending": [],
          "skipped": [],
          "duration": 9331,
          "root": false,
          "rootEmpty": false,
          "_timeout": 2000
        }
      ],
      "passes": [],
      "failures": [],
      "pending": [],
      "skipped": [],
      "duration": 0,
      "root": true,
      "rootEmpty": true,
      "_timeout": 2000
    }
  ],
  "meta": {
    "mocha": {
      "version": "7.0.1"
    },
    "mochawesome": {
      "options": {
        "quiet": false,
        "reportFilename": "mochawesome",
        "saveHtml": false,
        "saveJson": true,
        "consoleReporter": "spec",
        "useInlineDiffs": false
      },
      "version": "4.1.0"
    },
    "marge": {
      "options": {
        "id": "default",
        "reportDir": "cypress/reports/mocha",
        "quite": true,
        "overwrite": false,
        "html": false,
        "json": true
      },
      "version": "4.1.0"
    }
  }
}