{
  "stats": {
    "suites": 1,
    "tests": 5,
    "passes": 5,
    "pending": 0,
    "failures": 0,
    "start": "2024-08-14T19:17:40.545Z",
    "end": "2024-08-14T19:17:51.062Z",
    "duration": 10517,
    "testsRegistered": 5,
    "passPercent": 100,
    "pendingPercent": 0,
    "other": 0,
    "hasOther": false,
    "skipped": 0,
    "hasSkipped": false
  },
  "results": [
    {
      "uuid": "cb433a6a-f2bd-42c0-8fa4-e7250584bb8f",
      "title": "",
      "fullFile": "cypress/e2e/tests/loginPage.cy.js",
      "file": "cypress/e2e/tests/loginPage.cy.js",
      "beforeHooks": [],
      "afterHooks": [],
      "tests": [],
      "suites": [
        {
          "uuid": "3f1f6887-2a95-4f50-bb51-e753ae44113c",
          "title": "Tests related to Login Page",
          "fullFile": "",
          "file": "",
          "beforeHooks": [],
          "afterHooks": [],
          "tests": [
            {
              "title": "Login with incorrect user credentials",
              "fullTitle": "Tests related to Login Page Login with incorrect user credentials",
              "timedOut": null,
              "duration": 1144,
              "state": "passed",
              "speed": "fast",
              "pass": true,
              "fail": false,
              "pending": false,
              "context": null,
              "code": "cy.fixture(\"testData.json\").then(details => {\n  _loginPageActionsCy.default.loginWithUserCredentials(details.standard_user, details.incorrect_password);\n});\ncy.get(loginSelectors.loginError).should('have.text', \"Epic sadface: Username and password do not match any user in this service\");",
              "err": {},
              "uuid": "d342ca10-8ad9-49d4-9a67-44b6aa9ffce7",
              "parentUUID": "3f1f6887-2a95-4f50-bb51-e753ae44113c",
              "isHook": false,
              "skipped": false
            },
            {
              "title": "Error message when login with locked_out_user",
              "fullTitle": "Tests related to Login Page Error message when login with locked_out_user",
              "timedOut": null,
              "duration": 717,
              "state": "passed",
              "speed": "fast",
              "pass": true,
              "fail": false,
              "pending": false,
              "context": null,
              "code": "cy.fixture(\"testData.json\").then(details => {\n  _loginPageActionsCy.default.loginWithUserCredentials(details.locked_out_user, details.password);\n});\ncy.get(loginSelectors.loginError).should('have.text', \"Epic sadface: Sorry, this user has been locked out.\");",
              "err": {},
              "uuid": "08689dc6-18ce-446d-8856-aa1c739ddd92",
              "parentUUID": "3f1f6887-2a95-4f50-bb51-e753ae44113c",
              "isHook": false,
              "skipped": false
            },
            {
              "title": "Login as standard_user",
              "fullTitle": "Tests related to Login Page Login as standard_user",
              "timedOut": null,
              "duration": 1619,
              "state": "passed",
              "speed": "fast",
              "pass": true,
              "fail": false,
              "pending": false,
              "context": null,
              "code": "cy.fixture(\"testData.json\").then(details => {\n  _loginPageActionsCy.default.loginWithUserCredentials(details.standard_user, details.password);\n});\ncy.contains('Products').should('be.visible');\ncy.get(loginSelectors.menu).click();\ncy.contains('Logout');",
              "err": {},
              "uuid": "a3d9f295-4106-4247-8e90-56183507a2af",
              "parentUUID": "3f1f6887-2a95-4f50-bb51-e753ae44113c",
              "isHook": false,
              "skipped": false
            },
            {
              "title": "Login as problem_user",
              "fullTitle": "Tests related to Login Page Login as problem_user",
              "timedOut": null,
              "duration": 1072,
              "state": "passed",
              "speed": "fast",
              "pass": true,
              "fail": false,
              "pending": false,
              "context": null,
              "code": "cy.fixture(\"testData.json\").then(details => {\n  _loginPageActionsCy.default.loginWithUserCredentials(details.problem_user, details.password);\n});\ncy.get(loginSelectors.menu).click();\ncy.contains('Logout');",
              "err": {},
              "uuid": "7f219768-ef96-46c5-9bd2-6af4a8956e4f",
              "parentUUID": "3f1f6887-2a95-4f50-bb51-e753ae44113c",
              "isHook": false,
              "skipped": false
            },
            {
              "title": "Login as performance_glitch_user, by giving extra waiting time",
              "fullTitle": "Tests related to Login Page Login as performance_glitch_user, by giving extra waiting time",
              "timedOut": null,
              "duration": 5868,
              "state": "passed",
              "speed": "medium",
              "pass": true,
              "fail": false,
              "pending": false,
              "context": null,
              "code": "cy.fixture(\"testData.json\").then(details => {\n  _loginPageActionsCy.default.loginWithUserCredentials(details.performance_glitch_user, details.password);\n});\ncy.get(loginSelectors.menu, {\n  timeout: 60000\n}).should('be.visible').click();\ncy.contains('Logout');",
              "err": {},
              "uuid": "8270832b-6016-4ce0-8622-493e5cc4f6b3",
              "parentUUID": "3f1f6887-2a95-4f50-bb51-e753ae44113c",
              "isHook": false,
              "skipped": false
            }
          ],
          "suites": [],
          "passes": [
            "d342ca10-8ad9-49d4-9a67-44b6aa9ffce7",
            "08689dc6-18ce-446d-8856-aa1c739ddd92",
            "a3d9f295-4106-4247-8e90-56183507a2af",
            "7f219768-ef96-46c5-9bd2-6af4a8956e4f",
            "8270832b-6016-4ce0-8622-493e5cc4f6b3"
          ],
          "failures": [],
          "pending": [],
          "skipped": [],
          "duration": 10420,
          "root": false,
          "rootEmpty": false,
          "_timeout": 2000
        }
      ],
      "passes": [],
      "failures": [],
      "pending": [],
      "skipped": [],
      "duration": 0,
      "root": true,
      "rootEmpty": true,
      "_timeout": 2000
    }
  ],
  "meta": {
    "mocha": {
      "version": "7.0.1"
    },
    "mochawesome": {
      "options": {
        "quiet": false,
        "reportFilename": "mochawesome",
        "saveHtml": false,
        "saveJson": true,
        "consoleReporter": "spec",
        "useInlineDiffs": false
      },
      "version": "4.1.0"
    },
    "marge": {
      "options": {
        "id": "default",
        "reportDir": "cypress/reports/mocha",
        "quite": true,
        "overwrite": false,
        "html": false,
        "json": true
      },
      "version": "4.1.0"
    }
  }
}