{
  "stats": {
    "suites": 2,
    "tests": 9,
    "passes": 9,
    "pending": 0,
    "failures": 0,
    "testsRegistered": 9,
    "passPercent": 100,
    "pendingPercent": 0,
    "other": 0,
    "hasOther": false,
    "skipped": 0,
    "hasSkipped": false,
    "start": "2024-08-14T11:36:48.471Z",
    "end": "2024-08-14T11:37:05.573Z",
    "duration": 17102
  },
  "results": [
    {
      "uuid": "781be2f7-4ee0-45ae-aa65-8a49332792bd",
      "title": "",
      "fullFile": "cypress/e2e/tests/loginPage.cy.js",
      "file": "cypress/e2e/tests/loginPage.cy.js",
      "beforeHooks": [],
      "afterHooks": [],
      "tests": [],
      "suites": [
        {
          "uuid": "db1e819c-27a3-4f1a-9641-7f7ea3afd9ff",
          "title": "Tests related to Login Page",
          "fullFile": "",
          "file": "",
          "beforeHooks": [],
          "afterHooks": [],
          "tests": [
            {
              "title": "Login with incorrect user credentials",
              "fullTitle": "Tests related to Login Page Login with incorrect user credentials",
              "timedOut": null,
              "duration": 931,
              "state": "passed",
              "speed": "fast",
              "pass": true,
              "fail": false,
              "pending": false,
              "context": null,
              "code": "cy.fixture(\"testData.json\").then(details => {\n  _loginPageActionsCy.default.loginWithUserCredentials(details.standard_user, details.incorrect_password);\n});\ncy.get(loginSelectors.loginError).should('have.text', \"Epic sadface: Username and password do not match any user in this service\");",
              "err": {},
              "uuid": "3359d8ec-04eb-45ec-b4c1-3e318b766199",
              "parentUUID": "db1e819c-27a3-4f1a-9641-7f7ea3afd9ff",
              "isHook": false,
              "skipped": false
            },
            {
              "title": "Error message when login with locked_out_user",
              "fullTitle": "Tests related to Login Page Error message when login with locked_out_user",
              "timedOut": null,
              "duration": 771,
              "state": "passed",
              "speed": "fast",
              "pass": true,
              "fail": false,
              "pending": false,
              "context": null,
              "code": "cy.fixture(\"testData.json\").then(details => {\n  _loginPageActionsCy.default.loginWithUserCredentials(details.locked_out_user, details.password);\n});\ncy.get(loginSelectors.loginError).should('have.text', \"Epic sadface: Sorry, this user has been locked out.\");",
              "err": {},
              "uuid": "f41e53c3-c8fd-4a29-857f-704229ea5b9e",
              "parentUUID": "db1e819c-27a3-4f1a-9641-7f7ea3afd9ff",
              "isHook": false,
              "skipped": false
            },
            {
              "title": "Login as standard_user",
              "fullTitle": "Tests related to Login Page Login as standard_user",
              "timedOut": null,
              "duration": 1275,
              "state": "passed",
              "speed": "fast",
              "pass": true,
              "fail": false,
              "pending": false,
              "context": null,
              "code": "cy.fixture(\"testData.json\").then(details => {\n  _loginPageActionsCy.default.loginWithUserCredentials(details.standard_user, details.password);\n});\ncy.contains('Products').should('be.visible');\ncy.get(loginSelectors.menu).click();\ncy.contains('Logout');",
              "err": {},
              "uuid": "45520ba1-9fdc-4f05-810e-0b3286e66691",
              "parentUUID": "db1e819c-27a3-4f1a-9641-7f7ea3afd9ff",
              "isHook": false,
              "skipped": false
            },
            {
              "title": "Login as problem_user",
              "fullTitle": "Tests related to Login Page Login as problem_user",
              "timedOut": null,
              "duration": 872,
              "state": "passed",
              "speed": "fast",
              "pass": true,
              "fail": false,
              "pending": false,
              "context": null,
              "code": "cy.fixture(\"testData.json\").then(details => {\n  _loginPageActionsCy.default.loginWithUserCredentials(details.problem_user, details.password);\n});\ncy.get(loginSelectors.menu).click();\ncy.contains('Logout');",
              "err": {},
              "uuid": "6cfed2ae-987d-4882-a5af-79a37d4e9d4b",
              "parentUUID": "db1e819c-27a3-4f1a-9641-7f7ea3afd9ff",
              "isHook": false,
              "skipped": false
            },
            {
              "title": "Login as performance_glitch_user, by giving extra waiting time",
              "fullTitle": "Tests related to Login Page Login as performance_glitch_user, by giving extra waiting time",
              "timedOut": null,
              "duration": 5861,
              "state": "passed",
              "speed": "medium",
              "pass": true,
              "fail": false,
              "pending": false,
              "context": null,
              "code": "cy.fixture(\"testData.json\").then(details => {\n  _loginPageActionsCy.default.loginWithUserCredentials(details.performance_glitch_user, details.password);\n});\ncy.get(loginSelectors.menu, {\n  timeout: 60000\n}).should('be.visible').click();\ncy.contains('Logout');",
              "err": {},
              "uuid": "d99660bf-3431-421f-8a39-03853050e02d",
              "parentUUID": "db1e819c-27a3-4f1a-9641-7f7ea3afd9ff",
              "isHook": false,
              "skipped": false
            }
          ],
          "suites": [],
          "passes": [
            "3359d8ec-04eb-45ec-b4c1-3e318b766199",
            "f41e53c3-c8fd-4a29-857f-704229ea5b9e",
            "45520ba1-9fdc-4f05-810e-0b3286e66691",
            "6cfed2ae-987d-4882-a5af-79a37d4e9d4b",
            "d99660bf-3431-421f-8a39-03853050e02d"
          ],
          "failures": [],
          "pending": [],
          "skipped": [],
          "duration": 9710,
          "root": false,
          "rootEmpty": false,
          "_timeout": 2000
        }
      ],
      "passes": [],
      "failures": [],
      "pending": [],
      "skipped": [],
      "duration": 0,
      "root": true,
      "rootEmpty": true,
      "_timeout": 2000
    },
    {
      "uuid": "0df1990d-9481-4de0-937a-cf965512c578",
      "title": "",
      "fullFile": "cypress/e2e/tests/productsPage.cy.js",
      "file": "cypress/e2e/tests/productsPage.cy.js",
      "beforeHooks": [],
      "afterHooks": [],
      "tests": [],
      "suites": [
        {
          "uuid": "6cae829f-c6e7-458c-9fdd-93366c5c7d7f",
          "title": "Scenarios related to Products page, Purchase page and Checkout page",
          "fullFile": "",
          "file": "",
          "beforeHooks": [],
          "afterHooks": [],
          "tests": [
            {
              "title": "Complete checkout of an item by purchasing and reviewing",
              "fullTitle": "Scenarios related to Products page, Purchase page and Checkout page Complete checkout of an item by purchasing and reviewing",
              "timedOut": null,
              "duration": 2356,
              "state": "passed",
              "speed": "fast",
              "pass": true,
              "fail": false,
              "pending": false,
              "context": null,
              "code": "_productsPageActionsCy.default.orderItem(productsList[4]);\ncy.get(product.productLocators.addToCart).click();\n_productsPageActionsCy.default.checkout();\n_productsPageActionsCy.default.completeCheckoutDetails();\ncy.contains(productsList[4]);\n_productsPageActionsCy.default.completeThePurchase();\ncy.get(product.productLocators.orderConfirmation).invoke('text').then(text => {\n  expect(text).to.contain(\"THANK YOU FOR YOUR ORDER\");\n});",
              "err": {},
              "uuid": "049cce6d-ae0f-4789-8d88-6cbca28ce0ed",
              "parentUUID": "6cae829f-c6e7-458c-9fdd-93366c5c7d7f",
              "isHook": false,
              "skipped": false
            },
            {
              "title": "Add few products to the cart, remove a item from the cart and then purchase",
              "fullTitle": "Scenarios related to Products page, Purchase page and Checkout page Add few products to the cart, remove a item from the cart and then purchase",
              "timedOut": null,
              "duration": 1979,
              "state": "passed",
              "speed": "fast",
              "pass": true,
              "fail": false,
              "pending": false,
              "context": null,
              "code": "cy.get(productSelectors.productList).find(productSelectors.productItem).each(($el, index, list) => {\n  const productName = $el.find(productSelectors.productName).text();\n  if (productName.includes(productsList[4])) {\n    cy.wrap($el).find(productSelectors.addToCart).click();\n  }\n  if (productName.includes(productsList[1])) {\n    cy.wrap($el).find(productSelectors.addToCart).click();\n  }\n  if (productName.includes(productsList[5])) {\n    cy.wrap($el).find(productSelectors.addToCart).click();\n  }\n});\ncy.get(productSelectors.shoppingCart).click();\ncy.get(productSelectors.cartList).find(productSelectors.cartItem).each(($el, index, list) => {\n  const cartItemName = $el.find(productSelectors.cartItemName).text();\n  if (cartItemName.includes(productsList[4])) {\n    cy.wrap($el).find(productSelectors.removeItem).click();\n  }\n});\n_productsPageActionsCy.default.checkout();\n_productsPageActionsCy.default.completeCheckoutDetails();\ncy.contains(productsList[1]);\ncy.contains(productsList[5]);\n_productsPageActionsCy.default.completeThePurchase();\ncy.get(productSelectors.orderConfirmation).invoke('text').then(text => {\n  expect(text).to.contain(\"THANK YOU FOR YOUR ORDER\");\n});",
              "err": {},
              "uuid": "edf9e60e-1958-4a91-ad36-6fe5516c5344",
              "parentUUID": "6cae829f-c6e7-458c-9fdd-93366c5c7d7f",
              "isHook": false,
              "skipped": false
            },
            {
              "title": "Verify all the products on the products page",
              "fullTitle": "Scenarios related to Products page, Purchase page and Checkout page Verify all the products on the products page",
              "timedOut": null,
              "duration": 677,
              "state": "passed",
              "speed": "fast",
              "pass": true,
              "fail": false,
              "pending": false,
              "context": null,
              "code": "cy.contains(\"Products\");\ncy.get(productSelectors.productName).should('have.length', 6);\ncy.get(productSelectors.productName).each((element, index) => {\n  expect(productsList).includes(element.text());\n});",
              "err": {},
              "uuid": "5843eb32-0967-43e2-b1f4-c7748312cc1d",
              "parentUUID": "6cae829f-c6e7-458c-9fdd-93366c5c7d7f",
              "isHook": false,
              "skipped": false
            },
            {
              "title": "Verify prices,texts of all the items on the products page",
              "fullTitle": "Scenarios related to Products page, Purchase page and Checkout page Verify prices,texts of all the items on the products page",
              "timedOut": null,
              "duration": 679,
              "state": "passed",
              "speed": "fast",
              "pass": true,
              "fail": false,
              "pending": false,
              "context": null,
              "code": "cy.contains(`${productsList[5]}carry.allTheThings() with the sleek, streamlined Sly Pack that melds uncompromising style with unequaled laptop and tablet protection.${productsPrice[3]}ADD TO CART`);\ncy.contains(`${productsList[1]}A red light isn't the desired state in testing but it sure helps when riding your bike at night. Water-resistant with 3 lighting modes, 1 AAA battery included.${productsPrice[4]}ADD TO CART`);\ncy.contains(`${productsList[0]}Get your testing superhero on with the Sauce Labs bolt T-shirt. From American Apparel, 100% ringspun combed cotton, heather gray with red bolt.${productsPrice[0]}ADD TO CART`);\ncy.contains(`${productsList[3]}It's not every day that you come across a midweight quarter-zip fleece jacket capable of handling everything from a relaxing day outdoors to a busy day at the office.${productsPrice[2]}ADD TO CART`);\ncy.contains(`${productsList[2]}Rib snap infant onesie for the junior automation engineer in development. Reinforced 3-snap bottom closure, two-needle hemmed sleeved and bottom won't unravel.${productsPrice[1]}ADD TO CART`);\ncy.contains(`${productsList[4]}This classic Sauce Labs t-shirt is perfect to wear when cozying up to your keyboard to automate a few tests. Super-soft and comfy ringspun combed cotton.${productsPrice[5]}ADD TO CART`);",
              "err": {},
              "uuid": "68a1d8f4-fe80-4ce7-bc68-e6eaf0f8a05d",
              "parentUUID": "6cae829f-c6e7-458c-9fdd-93366c5c7d7f",
              "isHook": false,
              "skipped": false
            }
          ],
          "suites": [],
          "passes": [
            "049cce6d-ae0f-4789-8d88-6cbca28ce0ed",
            "edf9e60e-1958-4a91-ad36-6fe5516c5344",
            "5843eb32-0967-43e2-b1f4-c7748312cc1d",
            "68a1d8f4-fe80-4ce7-bc68-e6eaf0f8a05d"
          ],
          "failures": [],
          "pending": [],
          "skipped": [],
          "duration": 5691,
          "root": false,
          "rootEmpty": false,
          "_timeout": 2000
        }
      ],
      "passes": [],
      "failures": [],
      "pending": [],
      "skipped": [],
      "duration": 0,
      "root": true,
      "rootEmpty": true,
      "_timeout": 2000
    }
  ],
  "meta": {
    "mocha": {
      "version": "7.0.1"
    },
    "mochawesome": {
      "options": {
        "quiet": false,
        "reportFilename": "mochawesome",
        "saveHtml": false,
        "saveJson": true,
        "consoleReporter": "spec",
        "useInlineDiffs": false
      },
      "version": "4.1.0"
    },
    "marge": {
      "options": {
        "id": "default",
        "reportDir": "cypress/reports/mocha",
        "quite": true,
        "overwrite": false,
        "html": false,
        "json": true
      },
      "version": "4.1.0"
    }
  }
}